nativecore/src/main/cpp/opencv/build_android/opencv_android/mobilenet-objdetect/build/intermediates/manifest_merge_blame_file/release/processReleaseMainManifest/manifest-merger-blame-release-report.txt
1<?xml version="1.0" encoding="utf-8"?>
2<manifest xmlns:android="http://schemas.android.com/apk/res/android"
3    package="org.opencv.samples.opencv_mobilenet"
4    android:versionCode="341"
5    android:versionName="3.41" >
6
7    <uses-sdk
8        android:minSdkVersion="26"
9        android:targetSdkVersion="34" />
10
11    <!-- Allow to use a camera -->
12    <uses-permission android:name="android.permission.CAMERA" />
12-->mobilenet-objdetect/gradle/AndroidManifest.xml:21:5-64
12-->mobilenet-objdetect/gradle/AndroidManifest.xml:21:22-62
13
14    <uses-feature
14-->mobilenet-objdetect/gradle/AndroidManifest.xml:22:5-84
15        android:name="android.hardware.camera"
15-->mobilenet-objdetect/gradle/AndroidManifest.xml:22:19-57
16        android:required="false" />
16-->mobilenet-objdetect/gradle/AndroidManifest.xml:22:58-82
17    <uses-feature
17-->mobilenet-objdetect/gradle/AndroidManifest.xml:23:5-94
18        android:name="android.hardware.camera.autofocus"
18-->mobilenet-objdetect/gradle/AndroidManifest.xml:23:19-67
19        android:required="false" />
19-->mobilenet-objdetect/gradle/AndroidManifest.xml:23:68-92
20    <uses-feature
20-->mobilenet-objdetect/gradle/AndroidManifest.xml:24:5-90
21        android:name="android.hardware.camera.front"
21-->mobilenet-objdetect/gradle/AndroidManifest.xml:24:19-63
22        android:required="false" />
22-->mobilenet-objdetect/gradle/AndroidManifest.xml:24:64-88
23    <uses-feature
23-->mobilenet-objdetect/gradle/AndroidManifest.xml:25:5-100
24        android:name="android.hardware.camera.front.autofocus"
24-->mobilenet-objdetect/gradle/AndroidManifest.xml:25:19-73
25        android:required="false" />
25-->mobilenet-objdetect/gradle/AndroidManifest.xml:25:74-98
26
27    <application
27-->mobilenet-objdetect/gradle/AndroidManifest.xml:5:5-18:19
28        android:extractNativeLibs="false"
29        android:icon="@drawable/icon"
29-->mobilenet-objdetect/gradle/AndroidManifest.xml:7:9-38
30        android:label="@string/app_name" >
30-->mobilenet-objdetect/gradle/AndroidManifest.xml:6:9-41
31
32        <!-- //! [mobilenet_tutorial] -->
33        <activity
33-->mobilenet-objdetect/gradle/AndroidManifest.xml:9:9-17:20
34            android:name="org.opencv.samples.opencv_mobilenet.MainActivity"
34-->mobilenet-objdetect/gradle/AndroidManifest.xml:11:19-47
35            android:exported="true"
35-->mobilenet-objdetect/gradle/AndroidManifest.xml:10:19-42
36            android:screenOrientation="landscape" > <!-- Screen orientation -->
36-->mobilenet-objdetect/gradle/AndroidManifest.xml:12:19-56
37            <intent-filter>
37-->mobilenet-objdetect/gradle/AndroidManifest.xml:13:13-16:29
38                <action android:name="android.intent.action.MAIN" />
38-->mobilenet-objdetect/gradle/AndroidManifest.xml:14:17-69
38-->mobilenet-objdetect/gradle/AndroidManifest.xml:14:25-66
39
40                <category android:name="android.intent.category.LAUNCHER" />
40-->mobilenet-objdetect/gradle/AndroidManifest.xml:15:17-77
40-->mobilenet-objdetect/gradle/AndroidManifest.xml:15:27-74
41            </intent-filter>
42        </activity>
43    </application>
44
45</manifest> <!-- //! [mobilenet_tutorial] -->